{"/Users/diana/Documents/diana/projects/job-assignements/miele-fe-assignment/miele-ds/src/components/ProductForm.vue": {"path":"/Users/diana/Documents/diana/projects/job-assignements/miele-fe-assignment/miele-ds/src/components/ProductForm.vue","statementMap":{"0":{"start":{"line":84,"column":0},"end":{"line":84,"column":null}},"1":{"start":{"line":89,"column":0},"end":{"line":89,"column":null}},"2":{"start":{"line":101,"column":0},"end":{"line":107,"column":null}},"3":{"start":{"line":102,"column":0},"end":{"line":102,"column":null}},"4":{"start":{"line":104,"column":0},"end":{"line":104,"column":null}},"5":{"start":{"line":111,"column":0},"end":{"line":111,"column":null}},"6":{"start":{"line":115,"column":0},"end":{"line":119,"column":null}},"7":{"start":{"line":116,"column":0},"end":{"line":116,"column":null}},"8":{"start":{"line":118,"column":0},"end":{"line":118,"column":null}},"9":{"start":{"line":123,"column":0},"end":{"line":123,"column":null}},"10":{"start":{"line":131,"column":0},"end":{"line":135,"column":null}},"11":{"start":{"line":132,"column":0},"end":{"line":132,"column":null}},"12":{"start":{"line":134,"column":0},"end":{"line":134,"column":null}},"13":{"start":{"line":139,"column":0},"end":{"line":139,"column":null}},"14":{"start":{"line":140,"column":0},"end":{"line":140,"column":null}},"15":{"start":{"line":141,"column":0},"end":{"line":141,"column":null}},"16":{"start":{"line":145,"column":0},"end":{"line":153,"column":null}},"17":{"start":{"line":146,"column":0},"end":{"line":146,"column":null}},"18":{"start":{"line":152,"column":0},"end":{"line":152,"column":null}},"19":{"start":{"line":157,"column":0},"end":{"line":157,"column":null}}},"fnMap":{"0":{"name":"(anonymous_1)","decl":{"start":{"line":89,"column":0},"end":{"line":89,"column":null}},"loc":{"start":{"line":89,"column":0},"end":{"line":89,"column":null}}},"1":{"name":"(anonymous_2)","decl":{"start":{"line":100,"column":0},"end":{"line":100,"column":null}},"loc":{"start":{"line":100,"column":0},"end":{"line":108,"column":null}}},"2":{"name":"(anonymous_3)","decl":{"start":{"line":104,"column":0},"end":{"line":104,"column":null}},"loc":{"start":{"line":104,"column":0},"end":{"line":104,"column":null}}},"3":{"name":"(anonymous_5)","decl":{"start":{"line":110,"column":0},"end":{"line":110,"column":null}},"loc":{"start":{"line":110,"column":0},"end":{"line":112,"column":null}}},"4":{"name":"(anonymous_6)","decl":{"start":{"line":114,"column":0},"end":{"line":114,"column":null}},"loc":{"start":{"line":114,"column":0},"end":{"line":120,"column":null}}},"5":{"name":"(anonymous_7)","decl":{"start":{"line":122,"column":0},"end":{"line":122,"column":null}},"loc":{"start":{"line":122,"column":0},"end":{"line":124,"column":null}}},"6":{"name":"(anonymous_8)","decl":{"start":{"line":130,"column":0},"end":{"line":130,"column":null}},"loc":{"start":{"line":130,"column":0},"end":{"line":136,"column":null}}},"7":{"name":"(anonymous_9)","decl":{"start":{"line":132,"column":0},"end":{"line":132,"column":null}},"loc":{"start":{"line":132,"column":0},"end":{"line":132,"column":null}}},"8":{"name":"(anonymous_10)","decl":{"start":{"line":138,"column":0},"end":{"line":138,"column":null}},"loc":{"start":{"line":138,"column":0},"end":{"line":142,"column":null}}},"9":{"name":"(anonymous_11)","decl":{"start":{"line":144,"column":0},"end":{"line":144,"column":null}},"loc":{"start":{"line":144,"column":0},"end":{"line":154,"column":null}}},"10":{"name":"(anonymous_12)","decl":{"start":{"line":156,"column":0},"end":{"line":156,"column":null}},"loc":{"start":{"line":156,"column":0},"end":{"line":158,"column":null}}}},"branchMap":{"0":{"loc":{"start":{"line":101,"column":0},"end":{"line":107,"column":null}},"type":"if","locations":[{"start":{"line":101,"column":0},"end":{"line":107,"column":null}},{"start":{"line":101,"column":0},"end":{"line":107,"column":null}}]},"1":{"loc":{"start":{"line":101,"column":0},"end":{"line":101,"column":null}},"type":"binary-expr","locations":[{"start":{"line":101,"column":0},"end":{"line":101,"column":null}},{"start":{"line":101,"column":0},"end":{"line":101,"column":null}}]},"2":{"loc":{"start":{"line":111,"column":0},"end":{"line":111,"column":null}},"type":"binary-expr","locations":[{"start":{"line":111,"column":0},"end":{"line":111,"column":null}},{"start":{"line":111,"column":0},"end":{"line":111,"column":null}}]},"3":{"loc":{"start":{"line":115,"column":0},"end":{"line":119,"column":null}},"type":"if","locations":[{"start":{"line":115,"column":0},"end":{"line":119,"column":null}},{"start":{"line":115,"column":0},"end":{"line":119,"column":null}}]},"4":{"loc":{"start":{"line":115,"column":0},"end":{"line":115,"column":null}},"type":"binary-expr","locations":[{"start":{"line":115,"column":0},"end":{"line":115,"column":null}},{"start":{"line":115,"column":0},"end":{"line":115,"column":null}}]},"5":{"loc":{"start":{"line":123,"column":0},"end":{"line":123,"column":null}},"type":"cond-expr","locations":[{"start":{"line":123,"column":0},"end":{"line":123,"column":null}},{"start":{"line":123,"column":0},"end":{"line":123,"column":null}}]},"6":{"loc":{"start":{"line":131,"column":0},"end":{"line":135,"column":null}},"type":"if","locations":[{"start":{"line":131,"column":0},"end":{"line":135,"column":null}},{"start":{"line":131,"column":0},"end":{"line":135,"column":null}}]},"7":{"loc":{"start":{"line":131,"column":0},"end":{"line":131,"column":null}},"type":"binary-expr","locations":[{"start":{"line":131,"column":0},"end":{"line":131,"column":null}},{"start":{"line":131,"column":0},"end":{"line":131,"column":null}}]},"8":{"loc":{"start":{"line":145,"column":0},"end":{"line":153,"column":null}},"type":"if","locations":[{"start":{"line":145,"column":0},"end":{"line":153,"column":null}},{"start":{"line":145,"column":0},"end":{"line":153,"column":null}}]}},"s":{"0":3,"1":0,"2":0,"3":0,"4":0,"5":0,"6":0,"7":0,"8":0,"9":0,"10":0,"11":0,"12":0,"13":0,"14":0,"15":0,"16":0,"17":0,"18":0,"19":0},"f":{"0":0,"1":0,"2":0,"3":0,"4":0,"5":0,"6":0,"7":0,"8":0,"9":0,"10":0},"b":{"0":[0,0],"1":[0,0],"2":[0,0],"3":[0,0],"4":[0,0],"5":[0,0],"6":[0,0],"7":[0,0],"8":[0,0]}}
,"/Users/diana/Documents/diana/projects/job-assignements/miele-fe-assignment/miele-ds/src/components/ProductList.vue": {"path":"/Users/diana/Documents/diana/projects/job-assignements/miele-fe-assignment/miele-ds/src/components/ProductList.vue","statementMap":{"0":{"start":{"line":32,"column":0},"end":{"line":32,"column":null}}},"fnMap":{},"branchMap":{},"s":{"0":3},"f":{},"b":{}}
,"/Users/diana/Documents/diana/projects/job-assignements/miele-fe-assignment/miele-ds/src/components/ProductSkeleton.vue": {"path":"/Users/diana/Documents/diana/projects/job-assignements/miele-fe-assignment/miele-ds/src/components/ProductSkeleton.vue","statementMap":{"0":{"start":{"line":40,"column":0},"end":{"line":40,"column":null}}},"fnMap":{"0":{"name":"(anonymous_1)","decl":{"start":{"line":40,"column":0},"end":{"line":40,"column":null}},"loc":{"start":{"line":40,"column":0},"end":{"line":40,"column":null}}}},"branchMap":{},"s":{"0":0},"f":{"0":0},"b":{}}
,"/Users/diana/Documents/diana/projects/job-assignements/miele-fe-assignment/miele-ds/src/router/index.js": {"path":"/Users/diana/Documents/diana/projects/job-assignements/miele-fe-assignment/miele-ds/src/router/index.js","statementMap":{"0":{"start":{"line":5,"column":0},"end":{"line":5,"column":18}},"1":{"start":{"line":7,"column":15},"end":{"line":30,"column":1}},"2":{"start":{"line":11,"column":18},"end":{"line":11,"column":78}},"3":{"start":{"line":24,"column":21},"end":{"line":24,"column":81}},"4":{"start":{"line":32,"column":15},"end":{"line":35,"column":2}}},"fnMap":{"0":{"name":"(anonymous_0)","decl":{"start":{"line":11,"column":12},"end":{"line":11,"column":13}},"loc":{"start":{"line":11,"column":18},"end":{"line":11,"column":78}},"line":11},"1":{"name":"(anonymous_1)","decl":{"start":{"line":24,"column":15},"end":{"line":24,"column":16}},"loc":{"start":{"line":24,"column":21},"end":{"line":24,"column":81}},"line":24}},"branchMap":{},"s":{"0":3,"1":3,"2":1,"3":0,"4":3},"f":{"0":1,"1":0},"b":{},"_coverageSchema":"43e27e138ebf9cfc5966b082cf9a028302ed4184","hash":"4f28ed394ce3002b01027fe25f4c02ca36897c82"}
,"/Users/diana/Documents/diana/projects/job-assignements/miele-fe-assignment/miele-ds/src/service/products.js": {"path":"/Users/diana/Documents/diana/projects/job-assignements/miele-fe-assignment/miele-ds/src/service/products.js","statementMap":{"0":{"start":{"line":4,"column":0},"end":{"line":112,"column":5}},"1":{"start":{"line":5,"column":12},"end":{"line":90,"column":3}},"2":{"start":{"line":92,"column":2},"end":{"line":94,"column":3}},"3":{"start":{"line":97,"column":4},"end":{"line":99,"column":5}},"4":{"start":{"line":98,"column":2},"end":{"line":98,"column":41}},"5":{"start":{"line":100,"column":4},"end":{"line":106,"column":13}},"6":{"start":{"line":101,"column":6},"end":{"line":105,"column":7}},"7":{"start":{"line":102,"column":8},"end":{"line":102,"column":30}},"8":{"start":{"line":104,"column":8},"end":{"line":104,"column":23}},"9":{"start":{"line":109,"column":2},"end":{"line":111,"column":3}},"10":{"start":{"line":110,"column":4},"end":{"line":110,"column":40}}},"fnMap":{"0":{"name":"(anonymous_0)","decl":{"start":{"line":4,"column":1},"end":{"line":4,"column":2}},"loc":{"start":{"line":4,"column":13},"end":{"line":112,"column":1}},"line":4},"1":{"name":"fetchData","decl":{"start":{"line":96,"column":11},"end":{"line":96,"column":20}},"loc":{"start":{"line":96,"column":26},"end":{"line":107,"column":3}},"line":96},"2":{"name":"(anonymous_2)","decl":{"start":{"line":100,"column":15},"end":{"line":100,"column":16}},"loc":{"start":{"line":100,"column":27},"end":{"line":106,"column":5}},"line":100}},"branchMap":{"0":{"loc":{"start":{"line":97,"column":4},"end":{"line":99,"column":5}},"type":"if","locations":[{"start":{"line":97,"column":4},"end":{"line":99,"column":5}},{"start":{"line":97,"column":4},"end":{"line":99,"column":5}}],"line":97},"1":{"loc":{"start":{"line":101,"column":6},"end":{"line":105,"column":7}},"type":"if","locations":[{"start":{"line":101,"column":6},"end":{"line":105,"column":7}},{"start":{"line":101,"column":6},"end":{"line":105,"column":7}}],"line":101},"2":{"loc":{"start":{"line":109,"column":2},"end":{"line":111,"column":3}},"type":"if","locations":[{"start":{"line":109,"column":2},"end":{"line":111,"column":3}},{"start":{"line":109,"column":2},"end":{"line":111,"column":3}}],"line":109}},"s":{"0":2,"1":2,"2":2,"3":0,"4":0,"5":0,"6":0,"7":0,"8":0,"9":2,"10":2},"f":{"0":2,"1":0,"2":0},"b":{"0":[0,0],"1":[0,0],"2":[2,0]},"_coverageSchema":"43e27e138ebf9cfc5966b082cf9a028302ed4184","hash":"0f60127980c220a83296b55a2b63b81e0e5044ba"}
,"/Users/diana/Documents/diana/projects/job-assignements/miele-fe-assignment/miele-ds/src/store/productsStore.js": {"path":"/Users/diana/Documents/diana/projects/job-assignements/miele-fe-assignment/miele-ds/src/store/productsStore.js","statementMap":{"0":{"start":{"line":6,"column":0},"end":{"line":6,"column":13}},"1":{"start":{"line":8,"column":14},"end":{"line":14,"column":1}},"2":{"start":{"line":16,"column":16},"end":{"line":21,"column":1}},"3":{"start":{"line":17,"column":25},"end":{"line":17,"column":39}},"4":{"start":{"line":18,"column":21},"end":{"line":18,"column":34}},"5":{"start":{"line":19,"column":26},"end":{"line":19,"column":44}},"6":{"start":{"line":20,"column":20},"end":{"line":20,"column":30}},"7":{"start":{"line":23,"column":18},"end":{"line":46,"column":1}},"8":{"start":{"line":25,"column":2},"end":{"line":25,"column":34}},"9":{"start":{"line":29,"column":2},"end":{"line":34,"column":3}},"10":{"start":{"line":30,"column":52},"end":{"line":30,"column":67}},"11":{"start":{"line":31,"column":3},"end":{"line":31,"column":34}},"12":{"start":{"line":32,"column":3},"end":{"line":32,"column":42}},"13":{"start":{"line":33,"column":3},"end":{"line":33,"column":42}},"14":{"start":{"line":38,"column":2},"end":{"line":38,"column":25}},"15":{"start":{"line":42,"column":2},"end":{"line":44,"column":3}},"16":{"start":{"line":43,"column":3},"end":{"line":43,"column":37}},"17":{"start":{"line":48,"column":16},"end":{"line":108,"column":1}},"18":{"start":{"line":56,"column":2},"end":{"line":59,"column":3}},"19":{"start":{"line":57,"column":3},"end":{"line":57,"column":30}},"20":{"start":{"line":58,"column":3},"end":{"line":58,"column":98}},"21":{"start":{"line":58,"column":49},"end":{"line":58,"column":97}},"22":{"start":{"line":75,"column":17},"end":{"line":75,"column":19}},"23":{"start":{"line":76,"column":21},"end":{"line":76,"column":23}},"24":{"start":{"line":77,"column":23},"end":{"line":77,"column":25}},"25":{"start":{"line":78,"column":21},"end":{"line":78,"column":23}},"26":{"start":{"line":79,"column":2},"end":{"line":92,"column":3}},"27":{"start":{"line":80,"column":3},"end":{"line":80,"column":32}},"28":{"start":{"line":81,"column":3},"end":{"line":81,"column":31}},"29":{"start":{"line":82,"column":3},"end":{"line":82,"column":33}},"30":{"start":{"line":83,"column":9},"end":{"line":92,"column":3}},"31":{"start":{"line":84,"column":3},"end":{"line":84,"column":24}},"32":{"start":{"line":85,"column":3},"end":{"line":85,"column":55}},"33":{"start":{"line":85,"column":42},"end":{"line":85,"column":54}},"34":{"start":{"line":86,"column":3},"end":{"line":86,"column":66}},"35":{"start":{"line":86,"column":52},"end":{"line":86,"column":64}},"36":{"start":{"line":87,"column":3},"end":{"line":87,"column":44}},"37":{"start":{"line":90,"column":3},"end":{"line":90,"column":67}},"38":{"start":{"line":91,"column":3},"end":{"line":91,"column":31}},"39":{"start":{"line":101,"column":2},"end":{"line":106,"column":3}},"40":{"start":{"line":103,"column":3},"end":{"line":105,"column":4}},"41":{"start":{"line":103,"column":32},"end":{"line":103,"column":58}},"42":{"start":{"line":104,"column":4},"end":{"line":104,"column":34}}},"fnMap":{"0":{"name":"(anonymous_0)","decl":{"start":{"line":17,"column":14},"end":{"line":17,"column":15}},"loc":{"start":{"line":17,"column":25},"end":{"line":17,"column":39}},"line":17},"1":{"name":"(anonymous_1)","decl":{"start":{"line":18,"column":10},"end":{"line":18,"column":11}},"loc":{"start":{"line":18,"column":21},"end":{"line":18,"column":34}},"line":18},"2":{"name":"(anonymous_2)","decl":{"start":{"line":19,"column":15},"end":{"line":19,"column":16}},"loc":{"start":{"line":19,"column":26},"end":{"line":19,"column":44}},"line":19},"3":{"name":"(anonymous_3)","decl":{"start":{"line":20,"column":9},"end":{"line":20,"column":10}},"loc":{"start":{"line":20,"column":20},"end":{"line":20,"column":30}},"line":20},"4":{"name":"(anonymous_4)","decl":{"start":{"line":24,"column":1},"end":{"line":24,"column":2}},"loc":{"start":{"line":24,"column":30},"end":{"line":26,"column":2}},"line":24},"5":{"name":"(anonymous_5)","decl":{"start":{"line":28,"column":1},"end":{"line":28,"column":2}},"loc":{"start":{"line":28,"column":39},"end":{"line":35,"column":2}},"line":28},"6":{"name":"(anonymous_6)","decl":{"start":{"line":37,"column":1},"end":{"line":37,"column":2}},"loc":{"start":{"line":37,"column":24},"end":{"line":39,"column":2}},"line":37},"7":{"name":"(anonymous_7)","decl":{"start":{"line":41,"column":1},"end":{"line":41,"column":2}},"loc":{"start":{"line":41,"column":30},"end":{"line":45,"column":2}},"line":41},"8":{"name":"(anonymous_8)","decl":{"start":{"line":55,"column":1},"end":{"line":55,"column":2}},"loc":{"start":{"line":55,"column":43},"end":{"line":60,"column":2}},"line":55},"9":{"name":"(anonymous_9)","decl":{"start":{"line":58,"column":32},"end":{"line":58,"column":33}},"loc":{"start":{"line":58,"column":49},"end":{"line":58,"column":97}},"line":58},"10":{"name":"(anonymous_10)","decl":{"start":{"line":74,"column":1},"end":{"line":74,"column":2}},"loc":{"start":{"line":74,"column":51},"end":{"line":93,"column":2}},"line":74},"11":{"name":"(anonymous_11)","decl":{"start":{"line":85,"column":31},"end":{"line":85,"column":32}},"loc":{"start":{"line":85,"column":42},"end":{"line":85,"column":54}},"line":85},"12":{"name":"(anonymous_12)","decl":{"start":{"line":86,"column":41},"end":{"line":86,"column":42}},"loc":{"start":{"line":86,"column":52},"end":{"line":86,"column":64}},"line":86},"13":{"name":"(anonymous_13)","decl":{"start":{"line":100,"column":1},"end":{"line":100,"column":2}},"loc":{"start":{"line":100,"column":40},"end":{"line":107,"column":2}},"line":100},"14":{"name":"(anonymous_14)","decl":{"start":{"line":103,"column":24},"end":{"line":103,"column":25}},"loc":{"start":{"line":103,"column":32},"end":{"line":103,"column":58}},"line":103}},"branchMap":{"0":{"loc":{"start":{"line":25,"column":18},"end":{"line":25,"column":34}},"type":"binary-expr","locations":[{"start":{"line":25,"column":18},"end":{"line":25,"column":25}},{"start":{"line":25,"column":29},"end":{"line":25,"column":34}}],"line":25},"1":{"loc":{"start":{"line":29,"column":2},"end":{"line":34,"column":3}},"type":"if","locations":[{"start":{"line":29,"column":2},"end":{"line":34,"column":3}},{"start":{"line":29,"column":2},"end":{"line":34,"column":3}}],"line":29},"2":{"loc":{"start":{"line":31,"column":20},"end":{"line":31,"column":34}},"type":"binary-expr","locations":[{"start":{"line":31,"column":20},"end":{"line":31,"column":28}},{"start":{"line":31,"column":32},"end":{"line":31,"column":34}}],"line":31},"3":{"loc":{"start":{"line":32,"column":24},"end":{"line":32,"column":42}},"type":"binary-expr","locations":[{"start":{"line":32,"column":24},"end":{"line":32,"column":36}},{"start":{"line":32,"column":40},"end":{"line":32,"column":42}}],"line":32},"4":{"loc":{"start":{"line":33,"column":24},"end":{"line":33,"column":42}},"type":"binary-expr","locations":[{"start":{"line":33,"column":24},"end":{"line":33,"column":36}},{"start":{"line":33,"column":40},"end":{"line":33,"column":42}}],"line":33},"5":{"loc":{"start":{"line":38,"column":15},"end":{"line":38,"column":25}},"type":"binary-expr","locations":[{"start":{"line":38,"column":15},"end":{"line":38,"column":19}},{"start":{"line":38,"column":23},"end":{"line":38,"column":25}}],"line":38},"6":{"loc":{"start":{"line":42,"column":2},"end":{"line":44,"column":3}},"type":"if","locations":[{"start":{"line":42,"column":2},"end":{"line":44,"column":3}},{"start":{"line":42,"column":2},"end":{"line":44,"column":3}}],"line":42},"7":{"loc":{"start":{"line":42,"column":6},"end":{"line":42,"column":29}},"type":"binary-expr","locations":[{"start":{"line":42,"column":6},"end":{"line":42,"column":13}},{"start":{"line":42,"column":17},"end":{"line":42,"column":29}}],"line":42},"8":{"loc":{"start":{"line":56,"column":2},"end":{"line":59,"column":3}},"type":"if","locations":[{"start":{"line":56,"column":2},"end":{"line":59,"column":3}},{"start":{"line":56,"column":2},"end":{"line":59,"column":3}}],"line":56},"9":{"loc":{"start":{"line":79,"column":2},"end":{"line":92,"column":3}},"type":"if","locations":[{"start":{"line":79,"column":2},"end":{"line":92,"column":3}},{"start":{"line":79,"column":2},"end":{"line":92,"column":3}}],"line":79},"10":{"loc":{"start":{"line":83,"column":9},"end":{"line":92,"column":3}},"type":"if","locations":[{"start":{"line":83,"column":9},"end":{"line":92,"column":3}},{"start":{"line":83,"column":9},"end":{"line":92,"column":3}}],"line":83},"11":{"loc":{"start":{"line":84,"column":14},"end":{"line":84,"column":24}},"type":"binary-expr","locations":[{"start":{"line":84,"column":14},"end":{"line":84,"column":18}},{"start":{"line":84,"column":22},"end":{"line":84,"column":24}}],"line":84},"12":{"loc":{"start":{"line":101,"column":2},"end":{"line":106,"column":3}},"type":"if","locations":[{"start":{"line":101,"column":2},"end":{"line":106,"column":3}},{"start":{"line":101,"column":2},"end":{"line":106,"column":3}}],"line":101},"13":{"loc":{"start":{"line":103,"column":3},"end":{"line":105,"column":4}},"type":"if","locations":[{"start":{"line":103,"column":3},"end":{"line":105,"column":4}},{"start":{"line":103,"column":3},"end":{"line":105,"column":4}}],"line":103}},"s":{"0":2,"1":2,"2":2,"3":3,"4":9,"5":2,"6":2,"7":2,"8":5,"9":8,"10":6,"11":6,"12":6,"13":6,"14":6,"15":5,"16":2,"17":2,"18":2,"19":1,"20":1,"21":0,"22":4,"23":4,"24":4,"25":4,"26":4,"27":2,"28":2,"29":2,"30":2,"31":2,"32":2,"33":2,"34":2,"35":2,"36":2,"37":2,"38":2,"39":0,"40":0,"41":0,"42":0},"f":{"0":3,"1":9,"2":2,"3":2,"4":5,"5":8,"6":6,"7":5,"8":2,"9":0,"10":4,"11":2,"12":2,"13":0,"14":0},"b":{"0":[5,3],"1":[6,2],"2":[6,2],"3":[6,1],"4":[6,2],"5":[6,2],"6":[2,3],"7":[5,3],"8":[1,1],"9":[2,2],"10":[2,0],"11":[2,0],"12":[0,0],"13":[0,0]},"_coverageSchema":"43e27e138ebf9cfc5966b082cf9a028302ed4184","hash":"9927d0c78b5f3f14a988dc581781122bc8ddddf0"}
,"/Users/diana/Documents/diana/projects/job-assignements/miele-fe-assignment/miele-ds/src/views/Error.vue": {"path":"/Users/diana/Documents/diana/projects/job-assignements/miele-fe-assignment/miele-ds/src/views/Error.vue","statementMap":{"0":{"start":{"line":36,"column":0},"end":{"line":36,"column":null}}},"fnMap":{"0":{"name":"(anonymous_1)","decl":{"start":{"line":35,"column":0},"end":{"line":35,"column":null}},"loc":{"start":{"line":35,"column":0},"end":{"line":37,"column":null}}}},"branchMap":{},"s":{"0":1},"f":{"0":1},"b":{}}
,"/Users/diana/Documents/diana/projects/job-assignements/miele-fe-assignment/miele-ds/src/views/Home.vue": {"path":"/Users/diana/Documents/diana/projects/job-assignements/miele-fe-assignment/miele-ds/src/views/Home.vue","statementMap":{"0":{"start":{"line":23,"column":0},"end":{"line":23,"column":null}},"1":{"start":{"line":24,"column":0},"end":{"line":24,"column":null}},"2":{"start":{"line":25,"column":0},"end":{"line":25,"column":null}},"3":{"start":{"line":26,"column":0},"end":{"line":26,"column":null}},"4":{"start":{"line":41,"column":0},"end":{"line":41,"column":null}},"5":{"start":{"line":46,"column":0},"end":{"line":46,"column":null}}},"fnMap":{"0":{"name":"(anonymous_1)","decl":{"start":{"line":40,"column":0},"end":{"line":40,"column":null}},"loc":{"start":{"line":40,"column":0},"end":{"line":42,"column":null}}},"1":{"name":"(anonymous_2)","decl":{"start":{"line":45,"column":0},"end":{"line":45,"column":null}},"loc":{"start":{"line":45,"column":0},"end":{"line":47,"column":null}}}},"branchMap":{},"s":{"0":3,"1":3,"2":3,"3":3,"4":7,"5":7},"f":{"0":7,"1":7},"b":{}}
,"/Users/diana/Documents/diana/projects/job-assignements/miele-fe-assignment/miele-ds/tests/unit/mockData.js": {"path":"/Users/diana/Documents/diana/projects/job-assignements/miele-fe-assignment/miele-ds/tests/unit/mockData.js","statementMap":{"0":{"start":{"line":1,"column":26},"end":{"line":16,"column":2}},"1":{"start":{"line":18,"column":0},"end":{"line":20,"column":1}}},"fnMap":{},"branchMap":{},"s":{"0":2,"1":2},"f":{},"b":{},"_coverageSchema":"43e27e138ebf9cfc5966b082cf9a028302ed4184","hash":"c9e56b5578a677f2f35505f2523bfa38f7a76cf0"}
}
