TN:
SF:/Users/diana/Documents/diana/projects/job-assignements/miele-fe-assignment/miele-ds/src/components/ProductForm.vue
FN:88,(anonymous_1)
FN:99,(anonymous_2)
FN:103,(anonymous_3)
FN:109,(anonymous_5)
FN:113,(anonymous_6)
FN:121,(anonymous_7)
FN:129,(anonymous_8)
FN:131,(anonymous_9)
FN:137,(anonymous_10)
FN:143,(anonymous_11)
FN:155,(anonymous_12)
FNF:11
FNH:0
FNDA:0,(anonymous_1)
FNDA:0,(anonymous_2)
FNDA:0,(anonymous_3)
FNDA:0,(anonymous_5)
FNDA:0,(anonymous_6)
FNDA:0,(anonymous_7)
FNDA:0,(anonymous_8)
FNDA:0,(anonymous_9)
FNDA:0,(anonymous_10)
FNDA:0,(anonymous_11)
FNDA:0,(anonymous_12)
DA:83,3
DA:88,0
DA:100,0
DA:101,0
DA:103,0
DA:110,0
DA:114,0
DA:115,0
DA:117,0
DA:122,0
DA:130,0
DA:131,0
DA:133,0
DA:138,0
DA:139,0
DA:140,0
DA:144,0
DA:145,0
DA:151,0
DA:156,0
LF:20
LH:1
BRDA:100,0,0,0
BRDA:100,0,1,0
BRDA:100,1,0,0
BRDA:100,1,1,0
BRDA:110,2,0,0
BRDA:110,2,1,0
BRDA:114,3,0,0
BRDA:114,3,1,0
BRDA:114,4,0,0
BRDA:114,4,1,0
BRDA:122,5,0,0
BRDA:122,5,1,0
BRDA:130,6,0,0
BRDA:130,6,1,0
BRDA:130,7,0,0
BRDA:130,7,1,0
BRDA:144,8,0,0
BRDA:144,8,1,0
BRF:18
BRH:0
end_of_record
TN:
SF:/Users/diana/Documents/diana/projects/job-assignements/miele-fe-assignment/miele-ds/src/components/ProductList.vue
FNF:0
FNH:0
DA:32,3
LF:1
LH:1
BRF:0
BRH:0
end_of_record
TN:
SF:/Users/diana/Documents/diana/projects/job-assignements/miele-fe-assignment/miele-ds/src/components/ProductSkeleton.vue
FN:40,(anonymous_1)
FNF:1
FNH:0
FNDA:0,(anonymous_1)
DA:40,0
LF:1
LH:0
BRF:0
BRH:0
end_of_record
TN:
SF:/Users/diana/Documents/diana/projects/job-assignements/miele-fe-assignment/miele-ds/src/router/index.js
FN:11,(anonymous_0)
FNF:1
FNH:1
FNDA:1,(anonymous_0)
DA:5,3
DA:7,3
DA:11,1
DA:24,3
LF:4
LH:4
BRF:0
BRH:0
end_of_record
TN:
SF:/Users/diana/Documents/diana/projects/job-assignements/miele-fe-assignment/miele-ds/src/service/products.js
FN:4,(anonymous_0)
FN:96,fetchData
FN:100,(anonymous_2)
FNF:3
FNH:1
FNDA:2,(anonymous_0)
FNDA:0,fetchData
FNDA:0,(anonymous_2)
DA:4,2
DA:5,2
DA:92,2
DA:97,0
DA:98,0
DA:100,0
DA:101,0
DA:102,0
DA:104,0
DA:109,2
DA:110,2
LF:11
LH:5
BRDA:97,0,0,0
BRDA:97,0,1,0
BRDA:101,1,0,0
BRDA:101,1,1,0
BRDA:109,2,0,2
BRDA:109,2,1,0
BRF:6
BRH:1
end_of_record
TN:
SF:/Users/diana/Documents/diana/projects/job-assignements/miele-fe-assignment/miele-ds/src/store/productsStore.js
FN:17,(anonymous_0)
FN:18,(anonymous_1)
FN:19,(anonymous_2)
FN:20,(anonymous_3)
FN:24,(anonymous_4)
FN:28,(anonymous_5)
FN:37,(anonymous_6)
FN:41,(anonymous_7)
FN:55,(anonymous_8)
FN:58,(anonymous_9)
FN:74,(anonymous_10)
FN:85,(anonymous_11)
FN:86,(anonymous_12)
FN:100,(anonymous_13)
FN:103,(anonymous_14)
FNF:15
FNH:12
FNDA:3,(anonymous_0)
FNDA:9,(anonymous_1)
FNDA:2,(anonymous_2)
FNDA:2,(anonymous_3)
FNDA:5,(anonymous_4)
FNDA:8,(anonymous_5)
FNDA:6,(anonymous_6)
FNDA:5,(anonymous_7)
FNDA:2,(anonymous_8)
FNDA:0,(anonymous_9)
FNDA:4,(anonymous_10)
FNDA:2,(anonymous_11)
FNDA:2,(anonymous_12)
FNDA:0,(anonymous_13)
FNDA:0,(anonymous_14)
DA:6,2
DA:8,2
DA:16,2
DA:17,3
DA:18,9
DA:19,2
DA:20,2
DA:23,2
DA:25,5
DA:29,8
DA:30,6
DA:31,6
DA:32,6
DA:33,6
DA:38,6
DA:42,5
DA:43,2
DA:48,2
DA:56,2
DA:57,1
DA:58,1
DA:75,4
DA:76,4
DA:77,4
DA:78,4
DA:79,4
DA:80,2
DA:81,2
DA:82,2
DA:83,2
DA:84,2
DA:85,2
DA:86,2
DA:87,2
DA:90,2
DA:91,2
DA:101,0
DA:103,0
DA:104,0
LF:39
LH:36
BRDA:25,0,0,5
BRDA:25,0,1,3
BRDA:29,1,0,6
BRDA:29,1,1,2
BRDA:31,2,0,6
BRDA:31,2,1,2
BRDA:32,3,0,6
BRDA:32,3,1,1
BRDA:33,4,0,6
BRDA:33,4,1,2
BRDA:38,5,0,6
BRDA:38,5,1,2
BRDA:42,6,0,2
BRDA:42,6,1,3
BRDA:42,7,0,5
BRDA:42,7,1,3
BRDA:56,8,0,1
BRDA:56,8,1,1
BRDA:79,9,0,2
BRDA:79,9,1,2
BRDA:83,10,0,2
BRDA:83,10,1,0
BRDA:84,11,0,2
BRDA:84,11,1,0
BRDA:101,12,0,0
BRDA:101,12,1,0
BRDA:103,13,0,0
BRDA:103,13,1,0
BRF:28
BRH:22
end_of_record
TN:
SF:/Users/diana/Documents/diana/projects/job-assignements/miele-fe-assignment/miele-ds/src/views/Error.vue
FN:35,(anonymous_1)
FNF:1
FNH:1
FNDA:1,(anonymous_1)
DA:36,1
LF:1
LH:1
BRF:0
BRH:0
end_of_record
TN:
SF:/Users/diana/Documents/diana/projects/job-assignements/miele-fe-assignment/miele-ds/src/views/Home.vue
FN:40,(anonymous_1)
FN:45,(anonymous_2)
FNF:2
FNH:2
FNDA:7,(anonymous_1)
FNDA:7,(anonymous_2)
DA:23,3
DA:24,3
DA:25,3
DA:26,3
DA:41,7
DA:46,7
LF:6
LH:6
BRF:0
BRH:0
end_of_record
TN:
SF:/Users/diana/Documents/diana/projects/job-assignements/miele-fe-assignment/miele-ds/tests/unit/mockData.js
FNF:0
FNH:0
DA:1,2
DA:18,2
LF:2
LH:2
BRF:0
BRH:0
end_of_record
